<?xml version="1.0" encoding="UTF-8"?>
<testng-results ignored="0" total="2" passed="2" failed="0" skipped="0">
  <reporter-output>
  </reporter-output>
  <suite started-at="2024-10-08T17:17:21 IST" name="Default suite" finished-at="2024-10-08T17:17:21 IST" duration-ms="63">
    <groups>
    </groups>
    <test started-at="2024-10-08T17:17:21 IST" name="Default test" finished-at="2024-10-08T17:17:21 IST" duration-ms="63">
      <class name="Test_02.ContactTest">
        <test-method signature="createContact()[pri:0, instance:Test_02.ContactTest@5d534f5d]" started-at="2024-10-08T17:17:21 IST" name="createContact" finished-at="2024-10-08T17:17:21 IST" duration-ms="6" status="PASS">
          <reporter-output>
          </reporter-output>
        </test-method> <!-- createContact -->
        <test-method signature="modifyOrg()[pri:0, instance:Test_02.ContactTest@5d534f5d]" started-at="2024-10-08T17:17:21 IST" name="modifyOrg" finished-at="2024-10-08T17:17:21 IST" duration-ms="2" status="PASS">
          <reporter-output>
          </reporter-output>
        </test-method> <!-- modifyOrg -->
      </class> <!-- Test_02.ContactTest -->
    </test> <!-- Default test -->
  </suite> <!-- Default suite -->
</testng-results>
